[2018-06-09 13:07:49] request.INFO: Matched route "api_translation_value_edit". {"route_parameters":{"_controller":"prestashop.core.api.translation.controller:translationEditAction","_route":"api_translation_value_edit"},"request_uri":"http://ralucart.vicsoft.net/admin576z4owit/index.php/api/translation/edit?_token=G1mTR-p_dKB-ymkngWqgR-19_maDTyn_-P5WFcNx-jI"} []
[2018-06-09 13:07:49] security.DEBUG: Read existing security token from the session. {"key":"_security_main"} []
[2018-06-09 13:07:49] security.DEBUG: User was reloaded from a user provider. {"username":"vicsoft01@gmail.com","provider":"PrestaShopBundle\\Security\\Admin\\EmployeeProvider"} []
[2018-06-09 13:07:49] app.ERROR: You must specify as many arguments (%d, %s ...) as the original string. [] []
[2018-06-09 13:07:49] security.DEBUG: Stored the security token in the session. {"key":"_security_main"} []
[2018-06-09 13:27:02] request.INFO: Matched route "api_translation_value_edit". {"route_parameters":{"_controller":"prestashop.core.api.translation.controller:translationEditAction","_route":"api_translation_value_edit"},"request_uri":"http://ralucart.vicsoft.net/admin576z4owit/index.php/api/translation/edit?_token=G1mTR-p_dKB-ymkngWqgR-19_maDTyn_-P5WFcNx-jI"} []
[2018-06-09 13:27:02] security.DEBUG: Read existing security token from the session. {"key":"_security_main"} []
[2018-06-09 13:27:02] security.DEBUG: User was reloaded from a user provider. {"username":"vicsoft01@gmail.com","provider":"PrestaShopBundle\\Security\\Admin\\EmployeeProvider"} []
[2018-06-09 13:27:02] app.ERROR: You must specify as many arguments (%d, %s ...) as the original string. [] []
[2018-06-09 13:27:02] security.DEBUG: Stored the security token in the session. {"key":"_security_main"} []
[2018-06-11 07:23:15] request.INFO: Matched route "admin_product_form". {"route_parameters":{"_controller":"PrestaShopBundle\\Controller\\Admin\\ProductController::formAction","_legacy_controller":"AdminProducts","_legacy_param_mapper_class":"PrestaShop\\PrestaShop\\Adapter\\Product\\AdminProductDataProvider","_legacy_param_mapper_method":"mapLegacyParametersProductForm","id":"83","_route":"admin_product_form"},"request_uri":"https://www.regalonatural.com/admin576z4owit/index.php/product/form/83?_token=711V1FSJFsfvHtkZ9uK5cb-J0n2DiTjudG62XO5UL-M"} []
[2018-06-11 07:23:15] security.DEBUG: Read existing security token from the session. {"key":"_security_main"} []
[2018-06-11 07:23:15] security.DEBUG: User was reloaded from a user provider. {"username":"vicsoft01@gmail.com","provider":"PrestaShopBundle\\Security\\Admin\\EmployeeProvider"} []
[2018-06-11 07:23:21] app.ERROR: Data from PrestaShop Addons is invalid, and cannot fallback on cache.  {"exception":"cURL error 28: Operation timed out after 5001 milliseconds with 0 bytes received"} []
[2018-06-11 07:23:21] security.DEBUG: Stored the security token in the session. {"key":"_security_main"} []
[2018-06-12 23:35:28] request.INFO: Matched route "admin_product_form". {"route_parameters":{"_controller":"PrestaShopBundle\\Controller\\Admin\\ProductController::formAction","_legacy_controller":"AdminProducts","_legacy_param_mapper_class":"PrestaShop\\PrestaShop\\Adapter\\Product\\AdminProductDataProvider","_legacy_param_mapper_method":"mapLegacyParametersProductForm","id":"77","_route":"admin_product_form"},"request_uri":"https://www.regalonatural.com/admin576z4owit/index.php/product/form/77?_token=IuWSvYRQtWDCa1q__AKl9Vw1LDxhaMgs4c_auTbA82Y"} []
[2018-06-12 23:35:28] security.INFO: Populated the TokenStorage with an anonymous Token. [] []
[2018-06-12 23:35:35] app.ERROR: Module & services categories could not be loaded from marketplace API [] []
[2018-06-12 23:35:37] security.DEBUG: Stored the security token in the session. {"key":"_security_main"} []
[2018-09-21 19:19:00] request.INFO: Matched route "api_translation_value_edit". {"route_parameters":{"_controller":"prestashop.core.api.translation.controller:translationEditAction","_route":"api_translation_value_edit"},"request_uri":"https://www.regalonatural.com/admin576z4owit/index.php/api/translation/edit?_token=ULOlUlguiVEJkoGaTHYJZVYpoxpUVpZg_24FAF3ZFZ0"} []
[2018-09-21 19:19:00] security.DEBUG: Read existing security token from the session. {"key":"_security_main"} []
[2018-09-21 19:19:00] security.DEBUG: User was reloaded from a user provider. {"username":"vicsoft01@gmail.com","provider":"PrestaShopBundle\\Security\\Admin\\EmployeeProvider"} []
[2018-09-21 19:19:00] app.ERROR: You must specify as many arguments (%d, %s ...) as the original string. [] []
[2018-09-21 19:19:00] security.DEBUG: Stored the security token in the session. {"key":"_security_main"} []
[2018-09-21 19:21:07] request.INFO: Matched route "api_translation_value_edit". {"route_parameters":{"_controller":"prestashop.core.api.translation.controller:translationEditAction","_route":"api_translation_value_edit"},"request_uri":"https://www.regalonatural.com/admin576z4owit/index.php/api/translation/edit?_token=ULOlUlguiVEJkoGaTHYJZVYpoxpUVpZg_24FAF3ZFZ0"} []
[2018-09-21 19:21:07] security.DEBUG: Read existing security token from the session. {"key":"_security_main"} []
[2018-09-21 19:21:07] security.DEBUG: User was reloaded from a user provider. {"username":"vicsoft01@gmail.com","provider":"PrestaShopBundle\\Security\\Admin\\EmployeeProvider"} []
[2018-09-21 19:21:07] app.ERROR: You must specify as many arguments (%d, %s ...) as the original string. [] []
[2018-09-21 19:21:07] security.DEBUG: Stored the security token in the session. {"key":"_security_main"} []
[2018-09-21 19:25:48] request.INFO: Matched route "api_translation_value_edit". {"route_parameters":{"_controller":"prestashop.core.api.translation.controller:translationEditAction","_route":"api_translation_value_edit"},"request_uri":"https://www.regalonatural.com/admin576z4owit/index.php/api/translation/edit?_token=ULOlUlguiVEJkoGaTHYJZVYpoxpUVpZg_24FAF3ZFZ0"} []
[2018-09-21 19:25:48] security.DEBUG: Read existing security token from the session. {"key":"_security_main"} []
[2018-09-21 19:25:48] security.DEBUG: User was reloaded from a user provider. {"username":"vicsoft01@gmail.com","provider":"PrestaShopBundle\\Security\\Admin\\EmployeeProvider"} []
[2018-09-21 19:25:48] app.ERROR: You must specify as many arguments (%d, %s ...) as the original string. [] []
[2018-09-21 19:25:48] security.DEBUG: Stored the security token in the session. {"key":"_security_main"} []
[2018-10-30 21:23:45] request.INFO: Matched route "api_translation_value_edit". {"route_parameters":{"_controller":"prestashop.core.api.translation.controller:translationEditAction","_route":"api_translation_value_edit"},"request_uri":"https://www.regalonatural.com/admin576z4owit/index.php/api/translation/edit?_token=LMlzjP8pcI2sWaab6f5sZSvlyf5RnhBINwKO2n18XYY"} []
[2018-10-30 21:23:45] security.DEBUG: Read existing security token from the session. {"key":"_security_main"} []
[2018-10-30 21:23:45] security.DEBUG: User was reloaded from a user provider. {"username":"vicsoft01@gmail.com","provider":"PrestaShopBundle\\Security\\Admin\\EmployeeProvider"} []
[2018-10-30 21:23:45] app.ERROR: You must specify as many arguments (%d, %s ...) as the original string. [] []
[2018-10-30 21:23:45] security.DEBUG: Stored the security token in the session. {"key":"_security_main"} []
[2018-10-30 21:24:57] request.INFO: Matched route "api_translation_value_edit". {"route_parameters":{"_controller":"prestashop.core.api.translation.controller:translationEditAction","_route":"api_translation_value_edit"},"request_uri":"https://www.regalonatural.com/admin576z4owit/index.php/api/translation/edit?_token=LMlzjP8pcI2sWaab6f5sZSvlyf5RnhBINwKO2n18XYY"} []
[2018-10-30 21:24:57] security.DEBUG: Read existing security token from the session. {"key":"_security_main"} []
[2018-10-30 21:24:57] security.DEBUG: User was reloaded from a user provider. {"username":"vicsoft01@gmail.com","provider":"PrestaShopBundle\\Security\\Admin\\EmployeeProvider"} []
[2018-10-30 21:24:57] app.ERROR: You must specify as many arguments (%d, %s ...) as the original string. [] []
[2018-10-30 21:24:57] security.DEBUG: Stored the security token in the session. {"key":"_security_main"} []
[2019-05-09 20:01:34] request.INFO: Matched route "admin_attribute_generator". {"route_parameters":{"_controller":"PrestaShopBundle\\Controller\\Admin\\AttributeController::attributesGeneratorAction","_route":"admin_attribute_generator"},"request_uri":"https://www.regalonatural.com/admin576z4owit/index.php/attribute/generator?_token=PzbRQHUXc2VLCBdyf2IpretUoIlUjvpLwTYtMI0QS4c"} []
[2019-05-09 20:01:34] security.DEBUG: Read existing security token from the session. {"key":"_security_main"} []
[2019-05-09 20:01:34] security.DEBUG: User was reloaded from a user provider. {"username":"tienda@regalonatural.com","provider":"PrestaShopBundle\\Security\\Admin\\EmployeeProvider"} []
[2019-05-09 20:03:19] request.CRITICAL: Uncaught PHP Exception Symfony\Component\Debug\Exception\OutOfMemoryException: "Error: Allowed memory size of 134217728 bytes exhausted (tried to allocate 10489856 bytes)" at /home/www/regalonatural/prestashop/vendor/symfony/symfony/src/Symfony/Component/HttpFoundation/JsonResponse.php line 145 {"exception":"[object] (Symfony\\Component\\Debug\\Exception\\OutOfMemoryException(code: 0): Error: Allowed memory size of 134217728 bytes exhausted (tried to allocate 10489856 bytes) at /home/www/regalonatural/prestashop/vendor/symfony/symfony/src/Symfony/Component/HttpFoundation/JsonResponse.php:145)"} []
[2019-05-09 20:03:19] security.DEBUG: Stored the security token in the session. {"key":"_security_main"} []
[2019-09-08 11:17:49] request.INFO: Matched route "api_translation_value_edit". {"route_parameters":{"_controller":"prestashop.core.api.translation.controller:translationEditAction","_route":"api_translation_value_edit"},"request_uri":"https://www.regalonatural.com/admin576z4owit/index.php/api/translation/edit?_token=wEhEQ7TO4qkJJ0hYDCicjIQVe2bubcOJfL-hXimnvFE"} []
[2019-09-08 11:17:49] security.DEBUG: Read existing security token from the session. {"key":"_security_main"} []
[2019-09-08 11:17:49] security.DEBUG: User was reloaded from a user provider. {"username":"vicsoft01@gmail.com","provider":"PrestaShopBundle\\Security\\Admin\\EmployeeProvider"} []
[2019-09-08 11:17:49] app.ERROR: You must specify as many arguments (%d, %s ...) as the original string. [] []
[2019-09-08 11:17:50] security.DEBUG: Stored the security token in the session. {"key":"_security_main"} []
[2019-09-08 11:20:21] request.INFO: Matched route "api_translation_value_edit". {"route_parameters":{"_controller":"prestashop.core.api.translation.controller:translationEditAction","_route":"api_translation_value_edit"},"request_uri":"https://www.regalonatural.com/admin576z4owit/index.php/api/translation/edit?_token=wEhEQ7TO4qkJJ0hYDCicjIQVe2bubcOJfL-hXimnvFE"} []
[2019-09-08 11:20:21] security.DEBUG: Read existing security token from the session. {"key":"_security_main"} []
[2019-09-08 11:20:21] security.DEBUG: User was reloaded from a user provider. {"username":"vicsoft01@gmail.com","provider":"PrestaShopBundle\\Security\\Admin\\EmployeeProvider"} []
[2019-09-08 11:20:21] app.ERROR: You must specify as many arguments (%d, %s ...) as the original string. [] []
[2019-09-08 11:20:21] security.DEBUG: Stored the security token in the session. {"key":"_security_main"} []
[2019-09-08 11:21:36] request.INFO: Matched route "api_translation_value_edit". {"route_parameters":{"_controller":"prestashop.core.api.translation.controller:translationEditAction","_route":"api_translation_value_edit"},"request_uri":"https://www.regalonatural.com/admin576z4owit/index.php/api/translation/edit?_token=wEhEQ7TO4qkJJ0hYDCicjIQVe2bubcOJfL-hXimnvFE"} []
[2019-09-08 11:21:36] security.DEBUG: Read existing security token from the session. {"key":"_security_main"} []
[2019-09-08 11:21:36] security.DEBUG: User was reloaded from a user provider. {"username":"vicsoft01@gmail.com","provider":"PrestaShopBundle\\Security\\Admin\\EmployeeProvider"} []
[2019-09-08 11:21:36] app.ERROR: You must specify as many arguments (%d, %s ...) as the original string. [] []
[2019-09-08 11:21:36] security.DEBUG: Stored the security token in the session. {"key":"_security_main"} []
[2019-09-08 11:22:03] request.INFO: Matched route "api_translation_value_edit". {"route_parameters":{"_controller":"prestashop.core.api.translation.controller:translationEditAction","_route":"api_translation_value_edit"},"request_uri":"https://www.regalonatural.com/admin576z4owit/index.php/api/translation/edit?_token=wEhEQ7TO4qkJJ0hYDCicjIQVe2bubcOJfL-hXimnvFE"} []
[2019-09-08 11:22:03] security.DEBUG: Read existing security token from the session. {"key":"_security_main"} []
[2019-09-08 11:22:03] security.DEBUG: User was reloaded from a user provider. {"username":"vicsoft01@gmail.com","provider":"PrestaShopBundle\\Security\\Admin\\EmployeeProvider"} []
[2019-09-08 11:22:03] app.ERROR: You must specify as many arguments (%d, %s ...) as the original string. [] []
[2019-09-08 11:22:03] security.DEBUG: Stored the security token in the session. {"key":"_security_main"} []
[2019-09-08 11:22:21] request.INFO: Matched route "api_translation_value_edit". {"route_parameters":{"_controller":"prestashop.core.api.translation.controller:translationEditAction","_route":"api_translation_value_edit"},"request_uri":"https://www.regalonatural.com/admin576z4owit/index.php/api/translation/edit?_token=wEhEQ7TO4qkJJ0hYDCicjIQVe2bubcOJfL-hXimnvFE"} []
[2019-09-08 11:22:21] security.DEBUG: Read existing security token from the session. {"key":"_security_main"} []
[2019-09-08 11:22:21] security.DEBUG: User was reloaded from a user provider. {"username":"vicsoft01@gmail.com","provider":"PrestaShopBundle\\Security\\Admin\\EmployeeProvider"} []
[2019-09-08 11:22:21] app.ERROR: You must specify as many arguments (%d, %s ...) as the original string. [] []
[2019-09-08 11:22:21] security.DEBUG: Stored the security token in the session. {"key":"_security_main"} []
[2019-09-30 19:00:19] request.INFO: Matched route "admin_module_manage_action". {"route_parameters":{"_controller":"PrestaShopBundle\\Controller\\Admin\\ModuleController::moduleAction","action":"upgrade","module_name":"paypal","_route":"admin_module_manage_action"},"request_uri":"https://www.regalonatural.com/admin576z4owit/index.php/module/manage/action/upgrade/paypal?_token=hpWr4-cuQwK2guasy2GxMg4odWZ7tvqO4F6rc1bITTA"} []
[2019-09-30 19:00:19] security.DEBUG: Read existing security token from the session. {"key":"_security_main"} []
[2019-09-30 19:00:19] security.DEBUG: User was reloaded from a user provider. {"username":"vicsoft01@gmail.com","provider":"PrestaShopBundle\\Security\\Admin\\EmployeeProvider"} []
[2019-09-30 19:00:39] request.CRITICAL: Uncaught PHP Exception Symfony\Component\Debug\Exception\FatalErrorException: "Compile Error: require_once(): Failed opening required '../classes/AbstractMethodPaypal.php' (include_path='/var/www/html/tools/htmlpurifier/standalone:/var/www/html/vendor/pear/pear_exception:/var/www/html/vendor/pear/console_getopt:/var/www/html/vendor/pear/pear-core-minimal/src:/var/www/html/vendor/pear/archive_tar:.:/usr/share/php')" at /var/www/html/modules/paypal/upgrade/Upgrade-5.0.0.php line 31 {"exception":"[object] (Symfony\\Component\\Debug\\Exception\\FatalErrorException(code: 0): Compile Error: require_once(): Failed opening required '../classes/AbstractMethodPaypal.php' (include_path='/var/www/html/tools/htmlpurifier/standalone:/var/www/html/vendor/pear/pear_exception:/var/www/html/vendor/pear/console_getopt:/var/www/html/vendor/pear/pear-core-minimal/src:/var/www/html/vendor/pear/archive_tar:.:/usr/share/php') at /var/www/html/modules/paypal/upgrade/Upgrade-5.0.0.php:31)"} []
[2019-09-30 19:00:39] security.DEBUG: Stored the security token in the session. {"key":"_security_main"} []
[2019-09-30 19:01:04] request.INFO: Matched route "admin_module_manage_action". {"route_parameters":{"_controller":"PrestaShopBundle\\Controller\\Admin\\ModuleController::moduleAction","action":"upgrade","module_name":"paypal","_route":"admin_module_manage_action"},"request_uri":"https://www.regalonatural.com/admin576z4owit/index.php/module/manage/action/upgrade/paypal?_token=hpWr4-cuQwK2guasy2GxMg4odWZ7tvqO4F6rc1bITTA"} []
[2019-09-30 19:01:04] security.DEBUG: Read existing security token from the session. {"key":"_security_main"} []
[2019-09-30 19:01:04] security.DEBUG: User was reloaded from a user provider. {"username":"vicsoft01@gmail.com","provider":"PrestaShopBundle\\Security\\Admin\\EmployeeProvider"} []
[2019-09-30 19:01:14] request.CRITICAL: Uncaught PHP Exception Symfony\Component\Debug\Exception\FatalErrorException: "Compile Error: require_once(): Failed opening required '../classes/AbstractMethodPaypal.php' (include_path='/var/www/html/tools/htmlpurifier/standalone:/var/www/html/vendor/pear/pear_exception:/var/www/html/vendor/pear/console_getopt:/var/www/html/vendor/pear/pear-core-minimal/src:/var/www/html/vendor/pear/archive_tar:.:/usr/share/php')" at /var/www/html/modules/paypal/upgrade/Upgrade-5.0.0.php line 31 {"exception":"[object] (Symfony\\Component\\Debug\\Exception\\FatalErrorException(code: 0): Compile Error: require_once(): Failed opening required '../classes/AbstractMethodPaypal.php' (include_path='/var/www/html/tools/htmlpurifier/standalone:/var/www/html/vendor/pear/pear_exception:/var/www/html/vendor/pear/console_getopt:/var/www/html/vendor/pear/pear-core-minimal/src:/var/www/html/vendor/pear/archive_tar:.:/usr/share/php') at /var/www/html/modules/paypal/upgrade/Upgrade-5.0.0.php:31)"} []
[2019-09-30 19:01:14] security.DEBUG: Stored the security token in the session. {"key":"_security_main"} []
[2019-11-01 21:03:17] request.INFO: Matched route "admin_module_manage_action". {"route_parameters":{"_controller":"PrestaShopBundle\\Controller\\Admin\\ModuleController::moduleAction","action":"upgrade","module_name":"whatsappchat","_route":"admin_module_manage_action"},"request_uri":"https://www.regalonatural.com/admin576z4owit/index.php/module/manage/action/upgrade/whatsappchat?_token=BMHPze1TWP5TDtSuuUkrZwTVZdsFVxjQrZHcxjhTaNE"} []
[2019-11-01 21:03:17] security.DEBUG: Read existing security token from the session. {"key":"_security_main"} []
[2019-11-01 21:03:17] security.DEBUG: User was reloaded from a user provider. {"username":"vicsoft01@gmail.com","provider":"PrestaShopBundle\\Security\\Admin\\EmployeeProvider"} []
[2019-11-01 21:03:17] app.ERROR: Excepción emitida por el módulo whatsappchat en upgrade. Error sent by Addons. You may need to be logged. [] []
[2019-11-01 21:03:17] security.DEBUG: Stored the security token in the session. {"key":"_security_main"} []
